<?xml version="1.0" encoding="UTF-8"?>
<!-- Generated by org.testng.reporters.JUnitReportReporter -->
<testsuite hostname="DESKTOP-J1E77CM" failures="0" tests="1" name="testcases.Tc_01_Navigate_to_Homepage" time="7.923" errors="0" timestamp="2024-10-20T11:39:30 IST" skipped="0">
  <testcase classname="testcases.Tc_01_Navigate_to_Homepage" name="Homepgae_verify" time="7.923"/>
</testsuite> <!-- testcases.Tc_01_Navigate_to_Homepage -->
