<?xml version="1.0" encoding="UTF-8"?>
<!-- Generated by org.testng.reporters.JUnitReportReporter -->
<testsuite hostname="DESKTOP-J1E77CM" failures="0" tests="1" name="testcases.Tc_06_Select_Flightpage" time="21.612" errors="0" timestamp="2024-10-20T11:39:30 IST" skipped="0">
  <testcase classname="testcases.Tc_06_Select_Flightpage" name="SelectFlight" time="21.612"/>
</testsuite> <!-- testcases.Tc_06_Select_Flightpage -->
