<?xml version="1.0" encoding="UTF-8"?>
<!-- Generated by org.testng.reporters.JUnitReportReporter -->
<testsuite hostname="DESKTOP-J1E77CM" failures="0" tests="2" name="testcases.Tc_05_Search_Flightpage" time="28.204" errors="0" timestamp="2024-10-20T11:39:30 IST" skipped="0">
  <testcase classname="testcases.Tc_05_Search_Flightpage" name="oneway_trip" time="14.772"/>
  <testcase classname="testcases.Tc_05_Search_Flightpage" name="round_trip" time="13.432"/>
</testsuite> <!-- testcases.Tc_05_Search_Flightpage -->
