<?xml version="1.0" encoding="UTF-8"?>
<!-- Generated by org.testng.reporters.JUnitReportReporter -->
<testsuite hostname="DESKTOP-J1E77CM" failures="0" tests="3" name="testcases.Tc_09_Verify_menuitems" time="23.502" errors="0" timestamp="2024-10-20T11:39:30 IST" skipped="0">
  <testcase classname="testcases.Tc_09_Verify_menuitems" name="Flightstatusmenu_verify" time="8.096"/>
  <testcase classname="testcases.Tc_09_Verify_menuitems" name="ManageBookingmenu_verify" time="8.937"/>
  <testcase classname="testcases.Tc_09_Verify_menuitems" name="checkinmenu_verify" time="6.469"/>
</testsuite> <!-- testcases.Tc_09_Verify_menuitems -->
